heap profile: 113: 57024 [261553: 253773256] @ heap/2
1: 32768 [1: 32768] @ 0x442a35 0x467581 0x468796 0x46bae3 0x46f407 0x4010ab 0x47aafc 0x47ec59 0x401297 0x42f4f0 0x45fc61
1: 6144 [1: 6144] @ 0x442a35 0x4674db 0x468796 0x46bae3 0x46f407 0x4010ab 0x47aafc 0x47ec59 0x401297 0x42f4f0 0x45fc61
11: 4224 [11: 4224] @ 0x4364e7 0x4366d4 0x454988 0x45d239 0x432200
2: 2048 [2: 2048] @ 0x432a56 0x43315f 0x432166 0x45d239 0x432200
1: 1024 [1: 1024] @ 0x432a56 0x43315f 0x433582 0x433a09 0x43497f 0x434dcb 0x435479 0x45d19b
16: 1024 [16: 1024] @ 0x4540ce 0x45d239 0x432200
1: 1024 [1: 1024] @ 0x432a56 0x43315f 0x433582 0x433a09 0x43497f 0x434dcb 0x43503b 0x45d19b
2: 768 [2: 768] @ 0x4364e7 0x42b20f 0x430a65 0x432a8c 0x43315f 0x432166 0x45d239 0x432200
2: 768 [2: 768] @ 0x4364e7 0x432bac 0x43315f 0x432166 0x45d239 0x432200
1: 704 [1: 704] @ 0x40b182 0x40a032 0x55a443 0x5424a8 0x540abb 0x54090d 0x5179c1 0x4b46b4 0x5177df 0x53da6c 0x556fbd 0x5598c1 0x5c9e4c 0x5c98f4 0x53ca35 0x53cd0e 0x53aeee 0x519c06 0x51c495 0x484d89 0x491211 0x47952a 0x4797d3 0x45fc61
1: 640 [1: 640] @ 0x442e31 0x4b97ae 0x4b6bcb 0x4b61a9 0x46e1c9 0x46e073 0x4010fd 0x47aafc 0x47ec59 0x401297 0x42f4f0 0x45fc61
10: 480 [11: 528] @ 0x442e31 0x55a46c 0x5424a8 0x540abb 0x54090d 0x5179c1 0x4b46b4 0x5177df 0x53da6c 0x556fbd 0x5598c1 0x5c9e4c 0x5c98f4 0x53ca35 0x53cd0e 0x53aeee 0x519c06 0x51c495 0x484d89 0x491211 0x47952a 0x4797d3 0x45fc61
1: 384 [1: 384] @ 0x4364e7 0x432bac 0x43315f 0x433582 0x433a09 0x43497f 0x434dcb 0x43503b 0x45d19b
1: 384 [1: 384] @ 0x4364e7 0x42b20f 0x430a65 0x432a8c 0x43315f 0x433582 0x433a09 0x43497f 0x434dcb 0x435479 0x45d19b
1: 384 [1: 384] @ 0x4364e7 0x432bac 0x43315f 0x433582 0x433a09 0x43497f 0x434dcb 0x435479 0x45d19b
1: 384 [1: 384] @ 0x4364e7 0x42b20f 0x430a65 0x432a8c 0x43315f 0x433582 0x433a09 0x43497f 0x434dcb 0x43503b 0x45d19b
1: 352 [1: 352] @ 0x409dea 0x55a443 0x5424a8 0x540abb 0x54090d 0x5179c1 0x4b46b4 0x5177df 0x53da6c 0x556fbd 0x5598c1 0x5c9e4c 0x5c98f4 0x53ca35 0x53cd0e 0x53aeee 0x519c06 0x51c495 0x484d89 0x491211 0x47952a 0x4797d3 0x45fc61
5: 320 [5: 320] @ 0x42fc10 0x43e321 0x43da52 0x48815e 0x45fc61
1: 288 [1: 288] @ 0x468d5f 0x46e697 0x46b70d 0x46f407 0x4010ab 0x47aafc 0x47ec59 0x401297 0x42f4f0 0x45fc61
1: 256 [1: 256] @ 0x442e31 0x4304ce 0x436705 0x454988 0x45d239 0x432200
1: 208 [1: 208] @ 0x409b94 0x5c989f 0x53ca35 0x53cd0e 0x53aeee 0x519c06 0x51c495 0x484d89 0x491211 0x47952a 0x4797d3 0x45fc61
1: 176 [1: 176] @ 0x442a35 0x468f61 0x46e697 0x46b70d 0x46f407 0x4010ab 0x47aafc 0x47ec59 0x401297 0x42f4f0 0x45fc61
1: 176 [1: 176] @ 0x442a35 0x468e31 0x46e697 0x46b70d 0x46f407 0x4010ab 0x47aafc 0x47ec59 0x401297 0x42f4f0 0x45fc61
1: 160 [1: 160] @ 0x46e24b 0x46e073 0x4010fd 0x47aafc 0x47ec59 0x401297 0x42f4f0 0x45fc61
2: 160 [2: 160] @ 0x4540ce 0x45d239 0x432200
1: 160 [1: 160] @ 0x442e31 0x55a46c 0x5424a8 0x540abb 0x54090d 0x5179c1 0x4b46b4 0x5177df 0x53da6c 0x556fbd 0x5598c1 0x5c9e4c 0x5c98f4 0x53ca35 0x53cd0e 0x53aeee 0x519c06 0x51c495 0x484d89 0x491211 0x47952a 0x4797d3 0x45fc61
1: 128 [1: 128] @ 0x521fae 0x517a01 0x4b46b4 0x5177df 0x53da6c 0x556fbd 0x5598c1 0x5c9e4c 0x5c98f4 0x53ca35 0x53cd0e 0x53aeee 0x519c06 0x51c495 0x484d89 0x491211 0x47952a 0x4797d3 0x45fc61
1: 112 [1: 112] @ 0x46bb5d 0x46f407 0x4010ab 0x47aafc 0x47ec59 0x401297 0x42f4f0 0x45fc61
3: 96 [3: 96] @ 0x4472d7 0x44715f 0x540cee 0x540f3f 0x5221a3 0x517a01 0x4b46b4 0x5177df 0x53da6c 0x556fbd 0x5598c1 0x5c9e4c 0x5c98f4 0x53ca35 0x53cd0e 0x53aeee 0x519c06 0x51c495 0x484d89 0x491211 0x47952a 0x4797d3 0x45fc61
1: 96 [6: 576] @ 0x4045f3 0x4a69e0 0x4a6d11 0x487d63 0x45fc61
2: 96 [2: 96] @ 0x4540ce 0x45d239 0x432200
5: 80 [5: 80] @ 0x4472d7 0x44715f 0x559ce4 0x5424a8 0x540abb 0x54090d 0x5179c1 0x4b46b4 0x5177df 0x53da6c 0x556fbd 0x5598c1 0x5c9e4c 0x5c98f4 0x53ca35 0x53cd0e 0x53aeee 0x519c06 0x51c495 0x484d89 0x491211 0x47952a 0x4797d3 0x45fc61
1: 80 [1: 80] @ 0x4472d7 0x44715f 0x4f93e6 0x4817f1 0x480c1a 0x47ec5e 0x401297 0x42f4f0 0x45fc61
5: 80 [5: 80] @ 0x4472d7 0x44715f 0x559e2e 0x5424a8 0x540abb 0x54090d 0x5179c1 0x4b46b4 0x5177df 0x53da6c 0x556fbd 0x5598c1 0x5c9e4c 0x5c98f4 0x53ca35 0x53cd0e 0x53aeee 0x519c06 0x51c495 0x484d89 0x491211 0x47952a 0x4797d3 0x45fc61
1: 64 [1: 64] @ 0x442e31 0x44abc0 0x44aa41 0x429a76 0x52866c 0x528462 0x53ecc3 0x4859e3 0x48a623 0x49155b 0x47952a 0x4798a1 0x45fc61
1: 64 [1: 64] @ 0x442e31 0x522d67 0x517a01 0x4b46b4 0x5177df 0x53da6c 0x556fbd 0x5598c1 0x5c9e4c 0x5c98f4 0x53ca35 0x53cd0e 0x53aeee 0x519c06 0x51c495 0x484d89 0x491211 0x47952a 0x4797d3 0x45fc61
1: 64 [6: 384] @ 0x4a6a1c 0x4a6d11 0x487d63 0x45fc61
1: 64 [1: 64] @ 0x442da3 0x442b37 0x4ba2c0 0x4bb1e4 0x4becaf 0x46e11d 0x46e073 0x4010fd 0x47aafc 0x47ec59 0x401297 0x42f4f0 0x45fc61
4: 64 [315: 5040] @ 0x419d45 0x45fc61
1: 48 [1: 48] @ 0x4472d7 0x44715f 0x540cee 0x540f3f 0x5221a3 0x517a01 0x4b46b4 0x5177df 0x53da6c 0x556fbd 0x5598c1 0x5c9e4c 0x5c98f4 0x53ca35 0x53cd0e 0x53aeee 0x519c06 0x51c495 0x484d89 0x491211 0x47952a 0x4797d3 0x45fc61
1: 48 [1: 48] @ 0x409091 0x5c9703 0x53ca35 0x53cd0e 0x53aeee 0x519c06 0x51c495 0x484d89 0x491211 0x47952a 0x4797d3 0x45fc61
1: 48 [1: 48] @ 0x409091 0x55a276 0x5424a8 0x540abb 0x54090d 0x5179c1 0x4b46b4 0x5177df 0x53da6c 0x556fbd 0x5598c1 0x5c9e4c 0x5c98f4 0x53ca35 0x53cd0e 0x53aeee 0x519c06 0x51c495 0x484d89 0x491211 0x47952a 0x4797d3 0x45fc61
1: 48 [1: 48] @ 0x442a35 0x468f1a 0x46e697 0x46b70d 0x46f407 0x4010ab 0x47aafc 0x47ec59 0x401297 0x42f4f0 0x45fc61
1: 48 [1: 48] @ 0x4b6072 0x46e1c9 0x46e073 0x4010fd 0x47aafc 0x47ec59 0x401297 0x42f4f0 0x45fc61
1: 48 [1: 48] @ 0x442a35 0x468dea 0x46e697 0x46b70d 0x46f407 0x4010ab 0x47aafc 0x47ec59 0x401297 0x42f4f0 0x45fc61
1: 32 [1: 32] @ 0x442a35 0x522540 0x517a01 0x4b46b4 0x5177df 0x53da6c 0x556fbd 0x5598c1 0x5c9e4c 0x5c98f4 0x53ca35 0x53cd0e 0x53aeee 0x519c06 0x51c495 0x484d89 0x491211 0x47952a 0x4797d3 0x45fc61
1: 32 [6: 192] @ 0x404615 0x4a69e0 0x4a6d11 0x487d63 0x45fc61
1: 32 [1: 32] @ 0x463b3f 0x463ddf 0x462f28 0x480c42 0x47ec5e 0x401297 0x42f4f0 0x45fc61
1: 32 [1: 32] @ 0x540a65 0x54090d 0x5179c1 0x4b46b4 0x5177df 0x53da6c 0x556fbd 0x5598c1 0x5c9e4c 0x5c98f4 0x53ca35 0x53cd0e 0x53aeee 0x519c06 0x51c495 0x484d89 0x491211 0x47952a 0x4797d3 0x45fc61
1: 16 [1: 16] @ 0x442a35 0x469094 0x46e697 0x46b70d 0x46f407 0x4010ab 0x47aafc 0x47ec59 0x401297 0x42f4f0 0x45fc61
1: 16 [1: 16] @ 0x4472d7 0x44715f 0x55a501 0x5424a8 0x540abb 0x54090d 0x5179c1 0x4b46b4 0x5177df 0x53da6c 0x556fbd 0x5598c1 0x5c9e4c 0x5c98f4 0x53ca35 0x53cd0e 0x53aeee 0x519c06 0x51c495 0x484d89 0x491211 0x47952a 0x4797d3 0x45fc61
1: 16 [1: 16] @ 0x40de27 0x47ebdb 0x401297 0x42f4f0 0x45fc61
1: 16 [1: 16] @ 0x44746e 0x46e3b4 0x46e073 0x4010fd 0x47aafc 0x47ec59 0x401297 0x42f4f0 0x45fc61
1: 16 [1: 16] @ 0x442a35 0x4c98a8 0x46e186 0x46e073 0x4010fd 0x47aafc 0x47ec59 0x401297 0x42f4f0 0x45fc61
1: 16 [1: 16] @ 0x4472d7 0x44715f 0x4c67be 0x46e348 0x46e073 0x4010fd 0x47aafc 0x47ec59 0x401297 0x42f4f0 0x45fc61
1: 8 [1: 8] @ 0x442e31 0x46e7d2 0x46bb08 0x46f407 0x4010ab 0x47aafc 0x47ec59 0x401297 0x42f4f0 0x45fc61
1: 8 [1: 8] @ 0x463b25 0x463ddf 0x462f28 0x480c42 0x47ec5e 0x401297 0x42f4f0 0x45fc61
0: 0 [0: 0] @ 0x442a35 0x5100e1 0x50ffa0 0x480dce 0x47ec5e 0x401297 0x42f4f0 0x45fc61
0: 0 [3: 48] @ 0x40df60 0x529022 0x545334 0x544e59 0x53bfb3 0x548e6b 0x51ba8c 0x557325 0x528770 0x51b570 0x51a342 0x519cf6 0x487a74 0x49136e 0x47952a 0x4798a1 0x45fc61
0: 0 [3: 192] @ 0x53c6ed 0x54772d 0x54527b 0x544e59 0x53bfb3 0x548e6b 0x51ba8c 0x557325 0x528770 0x51b570 0x51a342 0x519cf6 0x487a74 0x49136e 0x47952a 0x4798a1 0x45fc61
0: 0 [6: 672] @ 0x544ba5 0x53bfb3 0x548e6b 0x51ba8c 0x557325 0x528770 0x51b570 0x51a342 0x519cf6 0x487a74 0x49136e 0x47952a 0x4798a1 0x45fc61
0: 0 [6: 192] @ 0x51b4b0 0x51a342 0x519cf6 0x487a74 0x49136e 0x47952a 0x4798a1 0x45fc61
0: 0 [3: 48] @ 0x51ae08 0x51a342 0x519cf6 0x487a74 0x49136e 0x47952a 0x4798a1 0x45fc61
0: 0 [3: 432] @ 0x51a0ed 0x519cf6 0x487a74 0x49136e 0x47952a 0x4798a1 0x45fc61
0: 0 [3: 96] @ 0x442e31 0x539d43 0x53affb 0x519c06 0x519f54 0x519cf6 0x487a74 0x49136e 0x47952a 0x4798a1 0x45fc61
0: 0 [3: 48] @ 0x442e31 0x539d43 0x53affb 0x519c06 0x519f54 0x519cf6 0x487a74 0x49136e 0x47952a 0x4798a1 0x45fc61
0: 0 [6: 288] @ 0x5594d6 0x539c9d 0x53affb 0x519c06 0x519f54 0x519cf6 0x487a74 0x49136e 0x47952a 0x4798a1 0x45fc61
0: 0 [3: 96] @ 0x40de27 0x559916 0x5c9e4c 0x5c98f4 0x53ca35 0x53cd0e 0x53aeee 0x519c06 0x519f54 0x519cf6 0x487a74 0x49136e 0x47952a 0x4798a1 0x45fc61
0: 0 [3: 240] @ 0x442e31 0x555ed5 0x556226 0x53dab4 0x556fbd 0x5598c1 0x5c9e4c 0x5c98f4 0x53ca35 0x53cd0e 0x53aeee 0x519c06 0x519f54 0x519cf6 0x487a74 0x49136e 0x47952a 0x4798a1 0x45fc61
0: 0 [3: 48] @ 0x442a35 0x5563a8 0x555dfc 0x556226 0x53dab4 0x556fbd 0x5598c1 0x5c9e4c 0x5c98f4 0x53ca35 0x53cd0e 0x53aeee 0x519c06 0x519f54 0x519cf6 0x487a74 0x49136e 0x47952a 0x4798a1 0x45fc61
0: 0 [3: 144] @ 0x442e31 0x5560b1 0x556226 0x53dab4 0x556fbd 0x5598c1 0x5c9e4c 0x5c98f4 0x53ca35 0x53cd0e 0x53aeee 0x519c06 0x519f54 0x519cf6 0x487a74 0x49136e 0x47952a 0x4798a1 0x45fc61
0: 0 [3: 48] @ 0x442a35 0x556532 0x555f7d 0x556226 0x53dab4 0x556fbd 0x5598c1 0x5c9e4c 0x5c98f4 0x53ca35 0x53cd0e 0x53aeee 0x519c06 0x519f54 0x519cf6 0x487a74 0x49136e 0x47952a 0x4798a1 0x45fc61
0: 0 [3: 96] @ 0x4472d7 0x446beb 0x446ed7 0x555d2f 0x556226 0x53dab4 0x556fbd 0x5598c1 0x5c9e4c 0x5c98f4 0x53ca35 0x53cd0e 0x53aeee 0x519c06 0x519f54 0x519cf6 0x487a74 0x49136e 0x47952a 0x4798a1 0x45fc61
0: 0 [3: 96] @ 0x44822b 0x55430d 0x555c55 0x556226 0x53dab4 0x556fbd 0x5598c1 0x5c9e4c 0x5c98f4 0x53ca35 0x53cd0e 0x53aeee 0x519c06 0x519f54 0x519cf6 0x487a74 0x49136e 0x47952a 0x4798a1 0x45fc61
0: 0 [3: 48] @ 0x555794 0x556226 0x53dab4 0x556fbd 0x5598c1 0x5c9e4c 0x5c98f4 0x53ca35 0x53cd0e 0x53aeee 0x519c06 0x519f54 0x519cf6 0x487a74 0x49136e 0x47952a 0x4798a1 0x45fc61
0: 0 [3: 48] @ 0x55567c 0x556226 0x53dab4 0x556fbd 0x5598c1 0x5c9e4c 0x5c98f4 0x53ca35 0x53cd0e 0x53aeee 0x519c06 0x519f54 0x519cf6 0x487a74 0x49136e 0x47952a 0x4798a1 0x45fc61
0: 0 [3: 24] @ 0x55564a 0x556226 0x53dab4 0x556fbd 0x5598c1 0x5c9e4c 0x5c98f4 0x53ca35 0x53cd0e 0x53aeee 0x519c06 0x519f54 0x519cf6 0x487a74 0x49136e 0x47952a 0x4798a1 0x45fc61
0: 0 [3: 144] @ 0x555597 0x556226 0x53dab4 0x556fbd 0x5598c1 0x5c9e4c 0x5c98f4 0x53ca35 0x53cd0e 0x53aeee 0x519c06 0x519f54 0x519cf6 0x487a74 0x49136e 0x47952a 0x4798a1 0x45fc61
0: 0 [3: 240] @ 0x5c9825 0x53ca35 0x53cd0e 0x53aeee 0x519c06 0x519f54 0x519cf6 0x487a74 0x49136e 0x47952a 0x4798a1 0x45fc61
0: 0 [3: 48] @ 0x442a35 0x5349d6 0x53ad36 0x519c06 0x519f54 0x519cf6 0x487a74 0x49136e 0x47952a 0x4798a1 0x45fc61
0: 0 [3: 96] @ 0x53a9e7 0x519c06 0x519f54 0x519cf6 0x487a74 0x49136e 0x47952a 0x4798a1 0x45fc61
0: 0 [3: 192] @ 0x484de8 0x491211 0x47952a 0x4798a1 0x45fc61
0: 0 [3: 24] @ 0x54a452 0x51c842 0x484d89 0x491211 0x47952a 0x4798a1 0x45fc61
0: 0 [3: 144] @ 0x54731f 0x545a7e 0x544cc5 0x53bfb3 0x54a227 0x51c842 0x484d89 0x491211 0x47952a 0x4798a1 0x45fc61
0: 0 [3: 96] @ 0x49751c 0x497dab 0x545a36 0x544cc5 0x53bfb3 0x54a227 0x51c842 0x484d89 0x491211 0x47952a 0x4798a1 0x45fc61
0: 0 [3: 96] @ 0x53c1e6 0x54772d 0x54568c 0x544cc5 0x53bfb3 0x54a227 0x51c842 0x484d89 0x491211 0x47952a 0x4798a1 0x45fc61
0: 0 [3: 336] @ 0x544ba5 0x53bfb3 0x54a227 0x51c842 0x484d89 0x491211 0x47952a 0x4798a1 0x45fc61
0: 0 [3: 96] @ 0x442e31 0x539d43 0x53affb 0x519c06 0x51c495 0x484d89 0x491211 0x47952a 0x4798a1 0x45fc61
0: 0 [3: 48] @ 0x442e31 0x539d43 0x53affb 0x519c06 0x51c495 0x484d89 0x491211 0x47952a 0x4798a1 0x45fc61
0: 0 [6: 288] @ 0x5594d6 0x539c9d 0x53affb 0x519c06 0x51c495 0x484d89 0x491211 0x47952a 0x4798a1 0x45fc61
0: 0 [3: 96] @ 0x40de27 0x559916 0x5c9e4c 0x5c98f4 0x53ca35 0x53cd0e 0x53aeee 0x519c06 0x51c495 0x484d89 0x491211 0x47952a 0x4798a1 0x45fc61
0: 0 [3: 240] @ 0x442e31 0x555ed5 0x556226 0x53dab4 0x556fbd 0x5598c1 0x5c9e4c 0x5c98f4 0x53ca35 0x53cd0e 0x53aeee 0x519c06 0x51c495 0x484d89 0x491211 0x47952a 0x4798a1 0x45fc61
0: 0 [3: 48] @ 0x442a35 0x5563a8 0x555dfc 0x556226 0x53dab4 0x556fbd 0x5598c1 0x5c9e4c 0x5c98f4 0x53ca35 0x53cd0e 0x53aeee 0x519c06 0x51c495 0x484d89 0x491211 0x47952a 0x4798a1 0x45fc61
0: 0 [3: 144] @ 0x442e31 0x5560b1 0x556226 0x53dab4 0x556fbd 0x5598c1 0x5c9e4c 0x5c98f4 0x53ca35 0x53cd0e 0x53aeee 0x519c06 0x51c495 0x484d89 0x491211 0x47952a 0x4798a1 0x45fc61
0: 0 [3: 48] @ 0x442a35 0x556532 0x555f7d 0x556226 0x53dab4 0x556fbd 0x5598c1 0x5c9e4c 0x5c98f4 0x53ca35 0x53cd0e 0x53aeee 0x519c06 0x51c495 0x484d89 0x491211 0x47952a 0x4798a1 0x45fc61
0: 0 [3: 96] @ 0x4472d7 0x446beb 0x446ed7 0x555d2f 0x556226 0x53dab4 0x556fbd 0x5598c1 0x5c9e4c 0x5c98f4 0x53ca35 0x53cd0e 0x53aeee 0x519c06 0x51c495 0x484d89 0x491211 0x47952a 0x4798a1 0x45fc61
0: 0 [3: 96] @ 0x44822b 0x55430d 0x555c55 0x556226 0x53dab4 0x556fbd 0x5598c1 0x5c9e4c 0x5c98f4 0x53ca35 0x53cd0e 0x53aeee 0x519c06 0x51c495 0x484d89 0x491211 0x47952a 0x4798a1 0x45fc61
0: 0 [3: 48] @ 0x555794 0x556226 0x53dab4 0x556fbd 0x5598c1 0x5c9e4c 0x5c98f4 0x53ca35 0x53cd0e 0x53aeee 0x519c06 0x51c495 0x484d89 0x491211 0x47952a 0x4798a1 0x45fc61
0: 0 [3: 48] @ 0x40de27 0x5556ce 0x556226 0x53dab4 0x556fbd 0x5598c1 0x5c9e4c 0x5c98f4 0x53ca35 0x53cd0e 0x53aeee 0x519c06 0x51c495 0x484d89 0x491211 0x47952a 0x4798a1 0x45fc61
0: 0 [3: 48] @ 0x55567c 0x556226 0x53dab4 0x556fbd 0x5598c1 0x5c9e4c 0x5c98f4 0x53ca35 0x53cd0e 0x53aeee 0x519c06 0x51c495 0x484d89 0x491211 0x47952a 0x4798a1 0x45fc61
0: 0 [3: 24] @ 0x55564a 0x556226 0x53dab4 0x556fbd 0x5598c1 0x5c9e4c 0x5c98f4 0x53ca35 0x53cd0e 0x53aeee 0x519c06 0x51c495 0x484d89 0x491211 0x47952a 0x4798a1 0x45fc61
0: 0 [3: 144] @ 0x555597 0x556226 0x53dab4 0x556fbd 0x5598c1 0x5c9e4c 0x5c98f4 0x53ca35 0x53cd0e 0x53aeee 0x519c06 0x51c495 0x484d89 0x491211 0x47952a 0x4798a1 0x45fc61
0: 0 [3: 240] @ 0x5c9825 0x53ca35 0x53cd0e 0x53aeee 0x519c06 0x51c495 0x484d89 0x491211 0x47952a 0x4798a1 0x45fc61
0: 0 [3: 48] @ 0x442a35 0x5349d6 0x53ad36 0x519c06 0x51c495 0x484d89 0x491211 0x47952a 0x4798a1 0x45fc61
0: 0 [3: 96] @ 0x53a9e7 0x519c06 0x51c495 0x484d89 0x491211 0x47952a 0x4798a1 0x45fc61
0: 0 [4: 320] @ 0x53e1f0 0x485a5a 0x485326 0x45fc61
0: 0 [4: 320] @ 0x53ecf1 0x4859e3 0x485326 0x45fc61
0: 0 [3: 96] @ 0x4910b5 0x47952a 0x4798a1 0x45fc61
0: 0 [4: 320] @ 0x549760 0x54996d 0x484f9d 0x45fc61
0: 0 [2: 9216] @ 0x442a35 0x49107e 0x47952a 0x4798a1 0x45fc61
0: 0 [3: 96] @ 0x5290c2 0x545334 0x544e59 0x53bfb3 0x548e6b 0x51ba8c 0x557325 0x528770 0x51b570 0x51a342 0x519cf6 0x487a74 0x49136e 0x47952a 0x4798a1 0x45fc61
0: 0 [3: 240] @ 0x5490ba 0x51ba8c 0x557325 0x528770 0x51b570 0x51a342 0x519cf6 0x487a74 0x49136e 0x47952a 0x4798a1 0x45fc61
0: 0 [3: 96] @ 0x53c1e6 0x54772d 0x54527b 0x544e59 0x53bfb3 0x548e6b 0x51ba8c 0x557325 0x528770 0x51b570 0x51a342 0x519cf6 0x487a74 0x49136e 0x47952a 0x4798a1 0x45fc61
0: 0 [1: 96] @ 0x442a35 0x48792a 0x48a908 0x49155b 0x47952a 0x4797d3 0x45fc61
0: 0 [10101: 161616] @ 0x442da3 0x4876dd 0x4878af 0x4870fa 0x485872 0x45fc61
0: 0 [1: 16] @ 0x442a35 0x48a817 0x49155b 0x47952a 0x4797d3 0x45fc61
0: 0 [50090: 801440] @ 0x442da3 0x487578 0x487848 0x4870fa 0x485872 0x45fc61
0: 0 [1: 96] @ 0x442a35 0x48ae99 0x486fe5 0x485872 0x45fc61
0: 0 [3: 96] @ 0x49751c 0x497dab 0x545394 0x544e59 0x53bfb3 0x548e6b 0x51ba8c 0x557325 0x528770 0x51b570 0x51a342 0x519cf6 0x487a74 0x49136e 0x47952a 0x4798a1 0x45fc61
0: 0 [1: 32] @ 0x442e31 0x44abc0 0x44aa41 0x44a951 0x4a6aad 0x4a6d11 0x487d63 0x45fc61
0: 0 [3: 96] @ 0x49751c 0x4996db 0x5453c3 0x544e59 0x53bfb3 0x548e6b 0x51ba8c 0x557325 0x528770 0x51b570 0x51a342 0x519cf6 0x487a74 0x49136e 0x47952a 0x4798a1 0x45fc61
0: 0 [3: 144] @ 0x54731f 0x54541b 0x544e59 0x53bfb3 0x548e6b 0x51ba8c 0x557325 0x528770 0x51b570 0x51a342 0x519cf6 0x487a74 0x49136e 0x47952a 0x4798a1 0x45fc61
0: 0 [3: 144] @ 0x54731f 0x545469 0x544e59 0x53bfb3 0x548e6b 0x51ba8c 0x557325 0x528770 0x51b570 0x51a342 0x519cf6 0x487a74 0x49136e 0x47952a 0x4798a1 0x45fc61
0: 0 [1: 16] @ 0x442e31 0x44abc0 0x44aa41 0x429a76 0x52866c 0x528462 0x53ecc3 0x4859e3 0x48a623 0x49155b 0x47952a 0x4797d3 0x45fc61
0: 0 [1: 2304] @ 0x442a35 0x486aa6 0x485872 0x45fc61
0: 0 [3: 24] @ 0x547793 0x549343 0x51ba8c 0x557325 0x528770 0x51b570 0x51a342 0x519cf6 0x487a74 0x49136e 0x47952a 0x4798a1 0x45fc61
0: 0 [1: 8] @ 0x442e31 0x44abc0 0x44aa41 0x429a76 0x52866c 0x528462 0x53ecc3 0x4859e3 0x485326 0x45fc61
0: 0 [4: 128] @ 0x442a35 0x4852ba 0x45fc61
0: 0 [4: 64] @ 0x442a35 0x485271 0x45fc61
0: 0 [4: 64] @ 0x442e31 0x4851af 0x45fc61
0: 0 [1: 112] @ 0x487b88 0x49136e 0x47952a 0x4797d3 0x45fc61
0: 0 [1: 32] @ 0x442a35 0x487b54 0x49136e 0x47952a 0x4797d3 0x45fc61
0: 0 [4: 32] @ 0x547793 0x5498a4 0x54996d 0x484f9d 0x45fc61
0: 0 [1: 96] @ 0x487adf 0x49136e 0x47952a 0x4797d3 0x45fc61
0: 0 [4: 192] @ 0x54731f 0x52c0c6 0x54972d 0x54996d 0x484f9d 0x45fc61
0: 0 [1: 8] @ 0x547793 0x549343 0x51ba8c 0x557325 0x528770 0x51b570 0x51a342 0x519cf6 0x487a74 0x49136e 0x47952a 0x4797d3 0x45fc61
0: 0 [4: 192] @ 0x54731f 0x52c07b 0x54972d 0x54996d 0x484f9d 0x45fc61
0: 0 [1: 48] @ 0x54731f 0x545469 0x544e59 0x53bfb3 0x548e6b 0x51ba8c 0x557325 0x528770 0x51b570 0x51a342 0x519cf6 0x487a74 0x49136e 0x47952a 0x4797d3 0x45fc61
0: 0 [4: 128] @ 0x49751c 0x497dab 0x52c02d 0x54972d 0x54996d 0x484f9d 0x45fc61
0: 0 [1: 48] @ 0x54731f 0x54541b 0x544e59 0x53bfb3 0x548e6b 0x51ba8c 0x557325 0x528770 0x51b570 0x51a342 0x519cf6 0x487a74 0x49136e 0x47952a 0x4797d3 0x45fc61
0: 0 [4: 448] @ 0x52beec 0x54972d 0x54996d 0x484f9d 0x45fc61
0: 0 [1: 32] @ 0x49751c 0x4996db 0x5453c3 0x544e59 0x53bfb3 0x548e6b 0x51ba8c 0x557325 0x528770 0x51b570 0x51a342 0x519cf6 0x487a74 0x49136e 0x47952a 0x4797d3 0x45fc61
0: 0 [4: 128] @ 0x49751c 0x497c7b 0x544187 0x52bcab 0x54972d 0x54996d 0x484f9d 0x45fc61
0: 0 [1: 32] @ 0x49751c 0x497dab 0x545394 0x544e59 0x53bfb3 0x548e6b 0x51ba8c 0x557325 0x528770 0x51b570 0x51a342 0x519cf6 0x487a74 0x49136e 0x47952a 0x4797d3 0x45fc61
0: 0 [1: 32] @ 0x53c1e6 0x54772d 0x54527b 0x544e59 0x53bfb3 0x548e6b 0x51ba8c 0x557325 0x528770 0x51b570 0x51a342 0x519cf6 0x487a74 0x49136e 0x47952a 0x4797d3 0x45fc61
0: 0 [1: 80] @ 0x5490ba 0x51ba8c 0x557325 0x528770 0x51b570 0x51a342 0x519cf6 0x487a74 0x49136e 0x47952a 0x4797d3 0x45fc61
0: 0 [1: 32] @ 0x5290c2 0x545334 0x544e59 0x53bfb3 0x548e6b 0x51ba8c 0x557325 0x528770 0x51b570 0x51a342 0x519cf6 0x487a74 0x49136e 0x47952a 0x4797d3 0x45fc61
0: 0 [2: 32] @ 0x40df60 0x49926c 0x49b22f 0x4995f4 0x528b1a 0x545334 0x544e59 0x53bfb3 0x548e6b 0x51ba8c 0x557325 0x528770 0x51b570 0x51a342 0x519cf6 0x487a74 0x49136e 0x47952a 0x4797d3 0x45fc61
0: 0 [1: 64] @ 0x53c6ed 0x54772d 0x54527b 0x544e59 0x53bfb3 0x548e6b 0x51ba8c 0x557325 0x528770 0x51b570 0x51a342 0x519cf6 0x487a74 0x49136e 0x47952a 0x4797d3 0x45fc61
0: 0 [2: 224] @ 0x544ba5 0x53bfb3 0x548e6b 0x51ba8c 0x557325 0x528770 0x51b570 0x51a342 0x519cf6 0x487a74 0x49136e 0x47952a 0x4797d3 0x45fc61
0: 0 [2: 64] @ 0x51b4b0 0x51a342 0x519cf6 0x487a74 0x49136e 0x47952a 0x4797d3 0x45fc61
0: 0 [1: 16] @ 0x51ae08 0x51a342 0x519cf6 0x487a74 0x49136e 0x47952a 0x4797d3 0x45fc61
0: 0 [8: 256] @ 0x5447b5 0x52bcab 0x54972d 0x54996d 0x484f9d 0x45fc61
0: 0 [1: 144] @ 0x51a0ed 0x519cf6 0x487a74 0x49136e 0x47952a 0x4797d3 0x45fc61
0: 0 [1: 32] @ 0x442e31 0x539d43 0x53affb 0x519c06 0x519f54 0x519cf6 0x487a74 0x49136e 0x47952a 0x4797d3 0x45fc61
0: 0 [1: 16] @ 0x442e31 0x539d43 0x53affb 0x519c06 0x519f54 0x519cf6 0x487a74 0x49136e 0x47952a 0x4797d3 0x45fc61
0: 0 [2: 96] @ 0x5594d6 0x539c9d 0x53affb 0x519c06 0x519f54 0x519cf6 0x487a74 0x49136e 0x47952a 0x4797d3 0x45fc61
0: 0 [1: 32] @ 0x40de27 0x559916 0x5c9e4c 0x5c98f4 0x53ca35 0x53cd0e 0x53aeee 0x519c06 0x519f54 0x519cf6 0x487a74 0x49136e 0x47952a 0x4797d3 0x45fc61
0: 0 [1: 80] @ 0x442e31 0x555ed5 0x556226 0x53dab4 0x556fbd 0x5598c1 0x5c9e4c 0x5c98f4 0x53ca35 0x53cd0e 0x53aeee 0x519c06 0x519f54 0x519cf6 0x487a74 0x49136e 0x47952a 0x4797d3 0x45fc61
0: 0 [1: 16] @ 0x442a35 0x5563a8 0x555dfc 0x556226 0x53dab4 0x556fbd 0x5598c1 0x5c9e4c 0x5c98f4 0x53ca35 0x53cd0e 0x53aeee 0x519c06 0x519f54 0x519cf6 0x487a74 0x49136e 0x47952a 0x4797d3 0x45fc61
0: 0 [1: 48] @ 0x442e31 0x5560b1 0x556226 0x53dab4 0x556fbd 0x5598c1 0x5c9e4c 0x5c98f4 0x53ca35 0x53cd0e 0x53aeee 0x519c06 0x519f54 0x519cf6 0x487a74 0x49136e 0x47952a 0x4797d3 0x45fc61
0: 0 [1: 16] @ 0x442a35 0x556532 0x555f7d 0x556226 0x53dab4 0x556fbd 0x5598c1 0x5c9e4c 0x5c98f4 0x53ca35 0x53cd0e 0x53aeee 0x519c06 0x519f54 0x519cf6 0x487a74 0x49136e 0x47952a 0x4797d3 0x45fc61
0: 0 [1: 32] @ 0x4472d7 0x446beb 0x446ed7 0x555d2f 0x556226 0x53dab4 0x556fbd 0x5598c1 0x5c9e4c 0x5c98f4 0x53ca35 0x53cd0e 0x53aeee 0x519c06 0x519f54 0x519cf6 0x487a74 0x49136e 0x47952a 0x4797d3 0x45fc61
0: 0 [1: 32] @ 0x44822b 0x55430d 0x555c55 0x556226 0x53dab4 0x556fbd 0x5598c1 0x5c9e4c 0x5c98f4 0x53ca35 0x53cd0e 0x53aeee 0x519c06 0x519f54 0x519cf6 0x487a74 0x49136e 0x47952a 0x4797d3 0x45fc61
0: 0 [1: 16] @ 0x555794 0x556226 0x53dab4 0x556fbd 0x5598c1 0x5c9e4c 0x5c98f4 0x53ca35 0x53cd0e 0x53aeee 0x519c06 0x519f54 0x519cf6 0x487a74 0x49136e 0x47952a 0x4797d3 0x45fc61
0: 0 [1: 16] @ 0x55567c 0x556226 0x53dab4 0x556fbd 0x5598c1 0x5c9e4c 0x5c98f4 0x53ca35 0x53cd0e 0x53aeee 0x519c06 0x519f54 0x519cf6 0x487a74 0x49136e 0x47952a 0x4797d3 0x45fc61
0: 0 [1: 8] @ 0x55564a 0x556226 0x53dab4 0x556fbd 0x5598c1 0x5c9e4c 0x5c98f4 0x53ca35 0x53cd0e 0x53aeee 0x519c06 0x519f54 0x519cf6 0x487a74 0x49136e 0x47952a 0x4797d3 0x45fc61
0: 0 [1: 48] @ 0x555597 0x556226 0x53dab4 0x556fbd 0x5598c1 0x5c9e4c 0x5c98f4 0x53ca35 0x53cd0e 0x53aeee 0x519c06 0x519f54 0x519cf6 0x487a74 0x49136e 0x47952a 0x4797d3 0x45fc61
0: 0 [1: 80] @ 0x5c9825 0x53ca35 0x53cd0e 0x53aeee 0x519c06 0x519f54 0x519cf6 0x487a74 0x49136e 0x47952a 0x4797d3 0x45fc61
0: 0 [1: 16] @ 0x442a35 0x5349d6 0x53ad36 0x519c06 0x519f54 0x519cf6 0x487a74 0x49136e 0x47952a 0x4797d3 0x45fc61
0: 0 [1: 32] @ 0x53a9e7 0x519c06 0x519f54 0x519cf6 0x487a74 0x49136e 0x47952a 0x4797d3 0x45fc61
0: 0 [1: 128] @ 0x442e31 0x4304ce 0x436705 0x454988 0x45d239 0x432200
0: 0 [3: 288] @ 0x487adf 0x49136e 0x47952a 0x4798a1 0x45fc61
0: 0 [1: 64] @ 0x484de8 0x491211 0x47952a 0x4797d3 0x45fc61
0: 0 [1: 8] @ 0x54a452 0x51c842 0x484d89 0x491211 0x47952a 0x4797d3 0x45fc61
0: 0 [1: 48] @ 0x54731f 0x545a7e 0x544cc5 0x53bfb3 0x54a227 0x51c842 0x484d89 0x491211 0x47952a 0x4797d3 0x45fc61
0: 0 [1: 32] @ 0x49751c 0x497dab 0x545a36 0x544cc5 0x53bfb3 0x54a227 0x51c842 0x484d89 0x491211 0x47952a 0x4797d3 0x45fc61
0: 0 [1: 32] @ 0x53c1e6 0x54772d 0x54568c 0x544cc5 0x53bfb3 0x54a227 0x51c842 0x484d89 0x491211 0x47952a 0x4797d3 0x45fc61
0: 0 [1: 112] @ 0x544ba5 0x53bfb3 0x54a227 0x51c842 0x484d89 0x491211 0x47952a 0x4797d3 0x45fc61
0: 0 [1: 32] @ 0x442e31 0x539d43 0x53affb 0x519c06 0x51c495 0x484d89 0x491211 0x47952a 0x4797d3 0x45fc61
0: 0 [1: 16] @ 0x442e31 0x539d43 0x53affb 0x519c06 0x51c495 0x484d89 0x491211 0x47952a 0x4797d3 0x45fc61
0: 0 [2: 96] @ 0x5594d6 0x539c9d 0x53affb 0x519c06 0x51c495 0x484d89 0x491211 0x47952a 0x4797d3 0x45fc61
0: 0 [1: 32] @ 0x40de27 0x559916 0x5c9e4c 0x5c98f4 0x53ca35 0x53cd0e 0x53aeee 0x519c06 0x51c495 0x484d89 0x491211 0x47952a 0x4797d3 0x45fc61
0: 0 [1: 80] @ 0x442e31 0x555ed5 0x556226 0x53dab4 0x556fbd 0x5598c1 0x5c9e4c 0x5c98f4 0x53ca35 0x53cd0e 0x53aeee 0x519c06 0x51c495 0x484d89 0x491211 0x47952a 0x4797d3 0x45fc61
0: 0 [1: 16] @ 0x442a35 0x5563a8 0x555dfc 0x556226 0x53dab4 0x556fbd 0x5598c1 0x5c9e4c 0x5c98f4 0x53ca35 0x53cd0e 0x53aeee 0x519c06 0x51c495 0x484d89 0x491211 0x47952a 0x4797d3 0x45fc61
0: 0 [1: 48] @ 0x442e31 0x5560b1 0x556226 0x53dab4 0x556fbd 0x5598c1 0x5c9e4c 0x5c98f4 0x53ca35 0x53cd0e 0x53aeee 0x519c06 0x51c495 0x484d89 0x491211 0x47952a 0x4797d3 0x45fc61
0: 0 [1: 16] @ 0x442a35 0x556532 0x555f7d 0x556226 0x53dab4 0x556fbd 0x5598c1 0x5c9e4c 0x5c98f4 0x53ca35 0x53cd0e 0x53aeee 0x519c06 0x51c495 0x484d89 0x491211 0x47952a 0x4797d3 0x45fc61
0: 0 [1: 32] @ 0x4472d7 0x446beb 0x446ed7 0x555d2f 0x556226 0x53dab4 0x556fbd 0x5598c1 0x5c9e4c 0x5c98f4 0x53ca35 0x53cd0e 0x53aeee 0x519c06 0x51c495 0x484d89 0x491211 0x47952a 0x4797d3 0x45fc61
0: 0 [1: 32] @ 0x44822b 0x55430d 0x555c55 0x556226 0x53dab4 0x556fbd 0x5598c1 0x5c9e4c 0x5c98f4 0x53ca35 0x53cd0e 0x53aeee 0x519c06 0x51c495 0x484d89 0x491211 0x47952a 0x4797d3 0x45fc61
0: 0 [1: 16] @ 0x555794 0x556226 0x53dab4 0x556fbd 0x5598c1 0x5c9e4c 0x5c98f4 0x53ca35 0x53cd0e 0x53aeee 0x519c06 0x51c495 0x484d89 0x491211 0x47952a 0x4797d3 0x45fc61
0: 0 [1: 16] @ 0x55567c 0x556226 0x53dab4 0x556fbd 0x5598c1 0x5c9e4c 0x5c98f4 0x53ca35 0x53cd0e 0x53aeee 0x519c06 0x51c495 0x484d89 0x491211 0x47952a 0x4797d3 0x45fc61
0: 0 [1: 8] @ 0x55564a 0x556226 0x53dab4 0x556fbd 0x5598c1 0x5c9e4c 0x5c98f4 0x53ca35 0x53cd0e 0x53aeee 0x519c06 0x51c495 0x484d89 0x491211 0x47952a 0x4797d3 0x45fc61
0: 0 [1: 48] @ 0x555597 0x556226 0x53dab4 0x556fbd 0x5598c1 0x5c9e4c 0x5c98f4 0x53ca35 0x53cd0e 0x53aeee 0x519c06 0x51c495 0x484d89 0x491211 0x47952a 0x4797d3 0x45fc61
0: 0 [3: 48] @ 0x442a35 0x487b0b 0x49136e 0x47952a 0x4798a1 0x45fc61
0: 0 [1: 48] @ 0x4644fd 0x517ae1 0x4b46b4 0x5177df 0x53da6c 0x556fbd 0x5598c1 0x5c9e4c 0x5c98f4 0x53ca35 0x53cd0e 0x53aeee 0x519c06 0x51c495 0x484d89 0x491211 0x47952a 0x4797d3 0x45fc61
0: 0 [1: 16] @ 0x442a35 0x4968a6 0x49699b 0x49af30 0x4644cf 0x517ae1 0x4b46b4 0x5177df 0x53da6c 0x556fbd 0x5598c1 0x5c9e4c 0x5c98f4 0x53ca35 0x53cd0e 0x53aeee 0x519c06 0x51c495 0x484d89 0x491211 0x47952a 0x4797d3 0x45fc61
0: 0 [1: 208] @ 0x4644a2 0x517ae1 0x4b46b4 0x5177df 0x53da6c 0x556fbd 0x5598c1 0x5c9e4c 0x5c98f4 0x53ca35 0x53cd0e 0x53aeee 0x519c06 0x51c495 0x484d89 0x491211 0x47952a 0x4797d3 0x45fc61
0: 0 [3: 96] @ 0x442a35 0x487b54 0x49136e 0x47952a 0x4798a1 0x45fc61
0: 0 [1: 32] @ 0x442e31 0x522d67 0x517a01 0x4b46b4 0x5177df 0x53da6c 0x556fbd 0x5598c1 0x5c9e4c 0x5c98f4 0x53ca35 0x53cd0e 0x53aeee 0x519c06 0x51c495 0x484d89 0x491211 0x47952a 0x4797d3 0x45fc61
0: 0 [2: 32] @ 0x442a35 0x5349d6 0x522c7c 0x517a01 0x4b46b4 0x5177df 0x53da6c 0x556fbd 0x5598c1 0x5c9e4c 0x5c98f4 0x53ca35 0x53cd0e 0x53aeee 0x519c06 0x51c495 0x484d89 0x491211 0x47952a 0x4797d3 0x45fc61
0: 0 [1: 16] @ 0x442e31 0x522be6 0x517a01 0x4b46b4 0x5177df 0x53da6c 0x556fbd 0x5598c1 0x5c9e4c 0x5c98f4 0x53ca35 0x53cd0e 0x53aeee 0x519c06 0x51c495 0x484d89 0x491211 0x47952a 0x4797d3 0x45fc61
0: 0 [1: 16] @ 0x442a35 0x53480e 0x522b0d 0x517a01 0x4b46b4 0x5177df 0x53da6c 0x556fbd 0x5598c1 0x5c9e4c 0x5c98f4 0x53ca35 0x53cd0e 0x53aeee 0x519c06 0x51c495 0x484d89 0x491211 0x47952a 0x4797d3 0x45fc61
0: 0 [3: 96] @ 0x442a35 0x5415a8 0x541831 0x522164 0x517a01 0x4b46b4 0x5177df 0x53da6c 0x556fbd 0x5598c1 0x5c9e4c 0x5c98f4 0x53ca35 0x53cd0e 0x53aeee 0x519c06 0x51c495 0x484d89 0x491211 0x47952a 0x4797d3 0x45fc61
0: 0 [3: 336] @ 0x487b88 0x49136e 0x47952a 0x4798a1 0x45fc61
0: 0 [10100: 46540800] @ 0x442a35 0x486aa6 0x485872 0x45fc61
0: 0 [1: 48] @ 0x442a35 0x5415a8 0x541831 0x522164 0x517a01 0x4b46b4 0x5177df 0x53da6c 0x556fbd 0x5598c1 0x5c9e4c 0x5c98f4 0x53ca35 0x53cd0e 0x53aeee 0x519c06 0x51c495 0x484d89 0x491211 0x47952a 0x4797d3 0x45fc61
0: 0 [100: 17600] @ 0x442a35 0x48ae99 0x486fe5 0x485872 0x45fc61
0: 0 [1: 32] @ 0x4472d7 0x44715f 0x540cee 0x5410c2 0x522100 0x517a01 0x4b46b4 0x5177df 0x53da6c 0x556fbd 0x5598c1 0x5c9e4c 0x5c98f4 0x53ca35 0x53cd0e 0x53aeee 0x519c06 0x51c495 0x484d89 0x491211 0x47952a 0x4797d3 0x45fc61
0: 0 [1: 48] @ 0x541279 0x52200b 0x517a01 0x4b46b4 0x5177df 0x53da6c 0x556fbd 0x5598c1 0x5c9e4c 0x5c98f4 0x53ca35 0x53cd0e 0x53aeee 0x519c06 0x51c495 0x484d89 0x491211 0x47952a 0x4797d3 0x45fc61
0: 0 [1: 4096] @ 0x442a35 0x54124b 0x52200b 0x517a01 0x4b46b4 0x5177df 0x53da6c 0x556fbd 0x5598c1 0x5c9e4c 0x5c98f4 0x53ca35 0x53cd0e 0x53aeee 0x519c06 0x51c495 0x484d89 0x491211 0x47952a 0x4797d3 0x45fc61
0: 0 [1: 32] @ 0x463b3f 0x463ddf 0x462ea8 0x5411e1 0x52200b 0x517a01 0x4b46b4 0x5177df 0x53da6c 0x556fbd 0x5598c1 0x5c9e4c 0x5c98f4 0x53ca35 0x53cd0e 0x53aeee 0x519c06 0x51c495 0x484d89 0x491211 0x47952a 0x4797d3 0x45fc61
0: 0 [1: 8] @ 0x463b25 0x463ddf 0x462ea8 0x5411e1 0x52200b 0x517a01 0x4b46b4 0x5177df 0x53da6c 0x556fbd 0x5598c1 0x5c9e4c 0x5c98f4 0x53ca35 0x53cd0e 0x53aeee 0x519c06 0x51c495 0x484d89 0x491211 0x47952a 0x4797d3 0x45fc61
0: 0 [1: 32] @ 0x442a35 0x4968a6 0x49699b 0x499cd5 0x496b18 0x463d6f 0x462ea8 0x5411e1 0x52200b 0x517a01 0x4b46b4 0x5177df 0x53da6c 0x556fbd 0x5598c1 0x5c9e4c 0x5c98f4 0x53ca35 0x53cd0e 0x53aeee 0x519c06 0x51c495 0x484d89 0x491211 0x47952a 0x4797d3 0x45fc61
0: 0 [40100: 1283200] @ 0x442a35 0x48a817 0x49155b 0x47952a 0x4798a1 0x45fc61
0: 0 [100: 3200] @ 0x442da3 0x487578 0x487848 0x4870fa 0x485872 0x45fc61
0: 0 [100: 17600] @ 0x442a35 0x48792a 0x48a908 0x49155b 0x47952a 0x4798a1 0x45fc61
0: 0 [10000: 1920000] @ 0x442a35 0x48ae99 0x486fe5 0x485872 0x45fc61
0: 0 [1: 80] @ 0x442e31 0x55a46c 0x5424a8 0x540abb 0x54090d 0x5179c1 0x4b46b4 0x5177df 0x53da6c 0x556fbd 0x5598c1 0x5c9e4c 0x5c98f4 0x53ca35 0x53cd0e 0x53aeee 0x519c06 0x51c495 0x484d89 0x491211 0x47952a 0x4797d3 0x45fc61
0: 0 [40000: 1280000] @ 0x442da3 0x4876dd 0x4878af 0x4870fa 0x485872 0x45fc61
0: 0 [10000: 1920000] @ 0x442a35 0x48792a 0x48a908 0x49155b 0x47952a 0x4798a1 0x45fc61
0: 0 [1: 352] @ 0x409b94 0x55a443 0x5424a8 0x540abb 0x54090d 0x5179c1 0x4b46b4 0x5177df 0x53da6c 0x556fbd 0x5598c1 0x5c9e4c 0x5c98f4 0x53ca35 0x53cd0e 0x53aeee 0x519c06 0x51c495 0x484d89 0x491211 0x47952a 0x4797d3 0x45fc61
0: 0 [1: 6144] @ 0x442a35 0x49107e 0x47952a 0x4798a1 0x45fc61
0: 0 [30000: 184320000] @ 0x442a35 0x486aa6 0x485872 0x45fc61
0: 0 [30000: 7680000] @ 0x442a35 0x48ae99 0x486fe5 0x485872 0x45fc61
0: 0 [30000: 7680000] @ 0x442a35 0x48792a 0x48a908 0x49155b 0x47952a 0x4798a1 0x45fc61
0: 0 [1: 240] @ 0x442da3 0x442b37 0x54297b 0x5409ad 0x54090d 0x5179c1 0x4b46b4 0x5177df 0x53da6c 0x556fbd 0x5598c1 0x5c9e4c 0x5c98f4 0x53ca35 0x53cd0e 0x53aeee 0x519c06 0x51c495 0x484d89 0x491211 0x47952a 0x4797d3 0x45fc61
0: 0 [1: 1024] @ 0x442a35 0x542881 0x5409ad 0x54090d 0x5179c1 0x4b46b4 0x5177df 0x53da6c 0x556fbd 0x5598c1 0x5c9e4c 0x5c98f4 0x53ca35 0x53cd0e 0x53aeee 0x519c06 0x51c495 0x484d89 0x491211 0x47952a 0x4797d3 0x45fc61
0: 0 [1: 32] @ 0x463b3f 0x463ddf 0x462ea8 0x540828 0x5179c1 0x4b46b4 0x5177df 0x53da6c 0x556fbd 0x5598c1 0x5c9e4c 0x5c98f4 0x53ca35 0x53cd0e 0x53aeee 0x519c06 0x51c495 0x484d89 0x491211 0x47952a 0x4797d3 0x45fc61
0: 0 [1: 8] @ 0x463b25 0x463ddf 0x462ea8 0x540828 0x5179c1 0x4b46b4 0x5177df 0x53da6c 0x556fbd 0x5598c1 0x5c9e4c 0x5c98f4 0x53ca35 0x53cd0e 0x53aeee 0x519c06 0x51c495 0x484d89 0x491211 0x47952a 0x4797d3 0x45fc61
0: 0 [1: 32] @ 0x442a35 0x4968a6 0x49699b 0x499cd5 0x496b18 0x463d6f 0x462ea8 0x540828 0x5179c1 0x4b46b4 0x5177df 0x53da6c 0x556fbd 0x5598c1 0x5c9e4c 0x5c98f4 0x53ca35 0x53cd0e 0x53aeee 0x519c06 0x51c495 0x484d89 0x491211 0x47952a 0x4797d3 0x45fc61
0: 0 [1: 16] @ 0x487f91 0x45fc61
0: 0 [1: 80] @ 0x5c9825 0x53ca35 0x53cd0e 0x53aeee 0x519c06 0x51c495 0x484d89 0x491211 0x47952a 0x4797d3 0x45fc61
0: 0 [1: 16] @ 0x40de27 0x47a3e4 0x47b35c 0x47ec59 0x401297 0x42f4f0 0x45fc61
0: 0 [1: 16] @ 0x442a35 0x5349d6 0x53ad36 0x519c06 0x51c495 0x484d89 0x491211 0x47952a 0x4797d3 0x45fc61
0: 0 [1: 32] @ 0x53a9e7 0x519c06 0x51c495 0x484d89 0x491211 0x47952a 0x4797d3 0x45fc61
0: 0 [1: 32] @ 0x4910b5 0x47952a 0x4797d3 0x45fc61
0: 0 [1: 2304] @ 0x442a35 0x49107e 0x47952a 0x4797d3 0x45fc61
0: 0 [1: 8] @ 0x442e31 0x4b4fa5 0x4b4d43 0x4b4931 0x4f8ce7 0x4f936b 0x47a456 0x47b35c 0x47ec59 0x401297 0x42f4f0 0x45fc61
0: 0 [1: 704] @ 0x442a35 0x4b4eae 0x4b4d43 0x4b4931 0x4f8ce7 0x4f936b 0x47a456 0x47b35c 0x47ec59 0x401297 0x42f4f0 0x45fc61
0: 0 [1: 208] @ 0x50c3af 0x4b4c18 0x4b4a41 0x4f8ce7 0x4f936b 0x47a456 0x47b35c 0x47ec59 0x401297 0x42f4f0 0x45fc61
0: 0 [1: 16] @ 0x40de27 0x47b031 0x47ec59 0x401297 0x42f4f0 0x45fc61
0: 0 [1: 32] @ 0x4472d7 0x44715f 0x4f93e6 0x47a8ce 0x47af24 0x47ec59 0x401297 0x42f4f0 0x45fc61
0: 0 [1: 16] @ 0x40de27 0x47a86a 0x47af24 0x47ec59 0x401297 0x42f4f0 0x45fc61
0: 0 [1: 16] @ 0x40de27 0x47a81a 0x47af24 0x47ec59 0x401297 0x42f4f0 0x45fc61
0: 0 [1: 256] @ 0x47ae75 0x47ec59 0x401297 0x42f4f0 0x45fc61
0: 0 [1: 96] @ 0x47ae58 0x47ec59 0x401297 0x42f4f0 0x45fc61
0: 0 [1: 32] @ 0x4472d7 0x44715f 0x4f93e6 0x47a8ce 0x47acd9 0x47ec59 0x401297 0x42f4f0 0x45fc61
0: 0 [1: 16] @ 0x40de27 0x47a81a 0x47acd9 0x47ec59 0x401297 0x42f4f0 0x45fc61
0: 0 [1: 32] @ 0x442e31 0x47ba34 0x47ec59 0x401297 0x42f4f0 0x45fc61
0: 0 [1: 16] @ 0x442da3 0x442b37 0x503fa1 0x4f93af 0x47a456 0x47b35c 0x47ec59 0x401297 0x42f4f0 0x45fc61
0: 0 [1: 16] @ 0x4472d7 0x44715f 0x4f93e6 0x47a456 0x47b35c 0x47ec59 0x401297 0x42f4f0 0x45fc61
0: 0 [1: 16] @ 0x40de27 0x479dc1 0x47b35c 0x47ec59 0x401297 0x42f4f0 0x45fc61
0: 0 [1: 16] @ 0x4472d7 0x44715f 0x4f93e6 0x479e37 0x47b35c 0x47ec59 0x401297 0x42f4f0 0x45fc61
0: 0 [1: 16] @ 0x40de27 0x47a0b1 0x47b35c 0x47ec59 0x401297 0x42f4f0 0x45fc61
0: 0 [1: 16] @ 0x40de27 0x47a111 0x47b35c 0x47ec59 0x401297 0x42f4f0 0x45fc61
0: 0 [1: 32] @ 0x442da3 0x442b37 0x4f6106 0x4f6c81 0x4fb9cc 0x4ff155 0x505bcd 0x4f93af 0x47a187 0x47b35c 0x47ec59 0x401297 0x42f4f0 0x45fc61
0: 0 [1: 64] @ 0x442da3 0x442b37 0x4f6106 0x4f6c81 0x4fb9cc 0x4ff155 0x505bcd 0x4f93af 0x47a187 0x47b35c 0x47ec59 0x401297 0x42f4f0 0x45fc61
0: 0 [1: 48] @ 0x4472d7 0x44715f 0x4f93e6 0x47a187 0x47b35c 0x47ec59 0x401297 0x42f4f0 0x45fc61
0: 0 [1: 16] @ 0x40de27 0x47a5dd 0x47b931 0x47ec59 0x401297 0x42f4f0 0x45fc61
0: 0 [1: 32] @ 0x4472d7 0x44715f 0x4f93e6 0x47a6ac 0x47b931 0x47ec59 0x401297 0x42f4f0 0x45fc61
0: 0 [1: 80] @ 0x4472d7 0x446beb 0x446f7a 0x47b991 0x47ec59 0x401297 0x42f4f0 0x45fc61
0: 0 [1: 112] @ 0x4c667d 0x46e348 0x46e073 0x4010fd 0x47aafc 0x47ec59 0x401297 0x42f4f0 0x45fc61
0: 0 [1: 16] @ 0x40de27 0x47b41b 0x47ec59 0x401297 0x42f4f0 0x45fc61
0: 0 [1: 128] @ 0x442da3 0x442b37 0x4f6106 0x4f6c81 0x4fba34 0x4ff155 0x50605d 0x4f98a7 0x4f99a3 0x47b47c 0x47ec59 0x401297 0x42f4f0 0x45fc61
0: 0 [1: 320] @ 0x442e31 0x4b97ae 0x4b6bcb 0x4b61a9 0x46e1c9 0x46e073 0x4010fd 0x47aafc 0x47ec59 0x401297 0x42f4f0 0x45fc61
0: 0 [1: 160] @ 0x442e31 0x4b97ae 0x4b6bcb 0x4b61a9 0x46e1c9 0x46e073 0x4010fd 0x47aafc 0x47ec59 0x401297 0x42f4f0 0x45fc61
0: 0 [1: 80] @ 0x442e31 0x4b97ae 0x4b6bcb 0x4b61a9 0x46e1c9 0x46e073 0x4010fd 0x47aafc 0x47ec59 0x401297 0x42f4f0 0x45fc61
0: 0 [1: 48] @ 0x442e31 0x4b63e1 0x46e1c9 0x46e073 0x4010fd 0x47aafc 0x47ec59 0x401297 0x42f4f0 0x45fc61
0: 0 [1: 16] @ 0x40de27 0x4816e9 0x480c1a 0x47ec5e 0x401297 0x42f4f0 0x45fc61
0: 0 [1: 16] @ 0x40de27 0x481739 0x480c1a 0x47ec5e 0x401297 0x42f4f0 0x45fc61
0: 0 [1: 16] @ 0x40de27 0x48178d 0x480c1a 0x47ec5e 0x401297 0x42f4f0 0x45fc61
0: 0 [1: 32] @ 0x442da3 0x442b37 0x4ba2c0 0x4ba0a8 0x4ba77a 0x4bf0a0 0x46e11d 0x46e073 0x4010fd 0x47aafc 0x47ec59 0x401297 0x42f4f0 0x45fc61
0: 0 [1: 16] @ 0x442da3 0x442b37 0x4ba2c0 0x4ba0a8 0x4ba77a 0x4bf0a0 0x46e11d 0x46e073 0x4010fd 0x47aafc 0x47ec59 0x401297 0x42f4f0 0x45fc61
0: 0 [1: 16] @ 0x442e31 0x4b9c67 0x4ba77a 0x4bf0a0 0x46e11d 0x46e073 0x4010fd 0x47aafc 0x47ec59 0x401297 0x42f4f0 0x45fc61
0: 0 [1: 8] @ 0x442e31 0x4b9c67 0x4ba77a 0x4bf0a0 0x46e11d 0x46e073 0x4010fd 0x47aafc 0x47ec59 0x401297 0x42f4f0 0x45fc61
0: 0 [3: 336] @ 0x4ba693 0x4ba762 0x4bf0a0 0x46e11d 0x46e073 0x4010fd 0x47aafc 0x47ec59 0x401297 0x42f4f0 0x45fc61
0: 0 [1: 96] @ 0x4beb30 0x46e11d 0x46e073 0x4010fd 0x47aafc 0x47ec59 0x401297 0x42f4f0 0x45fc61
0: 0 [1: 80] @ 0x442a35 0x4968a6 0x49699b 0x499cd5 0x496b18 0x463d6f 0x462f28 0x480c42 0x47ec5e 0x401297 0x42f4f0 0x45fc61
0: 0 [1: 8] @ 0x442e31 0x46e7d2 0x46bb08 0x46f407 0x4010ab 0x47fa2b 0x47eb11 0x401297 0x42f4f0 0x45fc61
0: 0 [1: 32768] @ 0x442a35 0x467581 0x468796 0x46bae3 0x46f407 0x4010ab 0x47fa2b 0x47eb11 0x401297 0x42f4f0 0x45fc61
0: 0 [1: 6144] @ 0x442a35 0x4674db 0x468796 0x46bae3 0x46f407 0x4010ab 0x47fa2b 0x47eb11 0x401297 0x42f4f0 0x45fc61
0: 0 [1: 112] @ 0x46bb5d 0x46f407 0x4010ab 0x47fa2b 0x47eb11 0x401297 0x42f4f0 0x45fc61
0: 0 [1: 16] @ 0x442a35 0x469094 0x46e697 0x46b70d 0x46f407 0x4010ab 0x47fa2b 0x47eb11 0x401297 0x42f4f0 0x45fc61
0: 0 [1: 128] @ 0x442a35 0x468f61 0x46e697 0x46b70d 0x46f407 0x4010ab 0x47fa2b 0x47eb11 0x401297 0x42f4f0 0x45fc61
0: 0 [1: 32] @ 0x442a35 0x468f1a 0x46e697 0x46b70d 0x46f407 0x4010ab 0x47fa2b 0x47eb11 0x401297 0x42f4f0 0x45fc61
0: 0 [1: 128] @ 0x442a35 0x468e31 0x46e697 0x46b70d 0x46f407 0x4010ab 0x47fa2b 0x47eb11 0x401297 0x42f4f0 0x45fc61
0: 0 [1: 32] @ 0x442a35 0x468dea 0x46e697 0x46b70d 0x46f407 0x4010ab 0x47fa2b 0x47eb11 0x401297 0x42f4f0 0x45fc61
0: 0 [1: 288] @ 0x468d5f 0x46e697 0x46b70d 0x46f407 0x4010ab 0x47fa2b 0x47eb11 0x401297 0x42f4f0 0x45fc61
0: 0 [1: 16] @ 0x44746e 0x46e3b4 0x46e073 0x4010fd 0x47fa2b 0x47eb11 0x401297 0x42f4f0 0x45fc61
0: 0 [1: 112] @ 0x4c667d 0x46e348 0x46e073 0x4010fd 0x47fa2b 0x47eb11 0x401297 0x42f4f0 0x45fc61
0: 0 [1: 160] @ 0x46e24b 0x46e073 0x4010fd 0x47fa2b 0x47eb11 0x401297 0x42f4f0 0x45fc61
0: 0 [1: 320] @ 0x442e31 0x4b97ae 0x4b6bcb 0x4b61a9 0x46e1c9 0x46e073 0x4010fd 0x47fa2b 0x47eb11 0x401297 0x42f4f0 0x45fc61
0: 0 [1: 160] @ 0x442e31 0x4b97ae 0x4b6bcb 0x4b61a9 0x46e1c9 0x46e073 0x4010fd 0x47fa2b 0x47eb11 0x401297 0x42f4f0 0x45fc61
0: 0 [1: 80] @ 0x442e31 0x4b97ae 0x4b6bcb 0x4b61a9 0x46e1c9 0x46e073 0x4010fd 0x47fa2b 0x47eb11 0x401297 0x42f4f0 0x45fc61
0: 0 [1: 48] @ 0x442e31 0x4b63e1 0x46e1c9 0x46e073 0x4010fd 0x47fa2b 0x47eb11 0x401297 0x42f4f0 0x45fc61
0: 0 [1: 48] @ 0x4b6072 0x46e1c9 0x46e073 0x4010fd 0x47fa2b 0x47eb11 0x401297 0x42f4f0 0x45fc61
0: 0 [1: 16] @ 0x442a35 0x4c98a8 0x46e186 0x46e073 0x4010fd 0x47fa2b 0x47eb11 0x401297 0x42f4f0 0x45fc61
0: 0 [1: 32] @ 0x442da3 0x442b37 0x4ba2c0 0x4ba0a8 0x4ba77a 0x4bf0a0 0x46e11d 0x46e073 0x4010fd 0x47fa2b 0x47eb11 0x401297 0x42f4f0 0x45fc61
0: 0 [1: 16] @ 0x442da3 0x442b37 0x4ba2c0 0x4ba0a8 0x4ba77a 0x4bf0a0 0x46e11d 0x46e073 0x4010fd 0x47fa2b 0x47eb11 0x401297 0x42f4f0 0x45fc61
0: 0 [1: 16] @ 0x442e31 0x4b9c67 0x4ba77a 0x4bf0a0 0x46e11d 0x46e073 0x4010fd 0x47fa2b 0x47eb11 0x401297 0x42f4f0 0x45fc61
0: 0 [1: 8] @ 0x442e31 0x4b9c67 0x4ba77a 0x4bf0a0 0x46e11d 0x46e073 0x4010fd 0x47fa2b 0x47eb11 0x401297 0x42f4f0 0x45fc61
0: 0 [3: 336] @ 0x4ba693 0x4ba762 0x4bf0a0 0x46e11d 0x46e073 0x4010fd 0x47fa2b 0x47eb11 0x401297 0x42f4f0 0x45fc61
0: 0 [1: 96] @ 0x4beb30 0x46e11d 0x46e073 0x4010fd 0x47fa2b 0x47eb11 0x401297 0x42f4f0 0x45fc61
0: 0 [1: 96] @ 0x47f9ac 0x47eb11 0x401297 0x42f4f0 0x45fc61
0: 0 [1: 96] @ 0x47f97d 0x47eb11 0x401297 0x42f4f0 0x45fc61

# runtime.MemStats
# Alloc = 969008
# TotalAlloc = 254929120
# Sys = 8231160
# Lookups = 41
# Mallocs = 298618
# Frees = 285866
# HeapAlloc = 969008
# HeapSys = 4784128
# HeapIdle = 3276800
# HeapInuse = 1507328
# HeapReleased = 0
# HeapObjects = 12752
# Stack = 458752 / 458752
# MSpan = 18480 / 49152
# MCache = 4800 / 16384
# BuckHashSys = 1519862
# NextGC = 4194304
# PauseNs = [863119 1112486 847303 312158 219247 210667 212594 221097 211406 218868 492008 392310 369128 366454 359420 371674 367174 217231 363980 909314 215189 563546 222059 217892 212769 210218 211860 224492 397022 541216 382412 411329 515466 354927 384834 381467 370614 363897 361517 354347 388678 372280 384855 364276 382429 249701 355157 393055 394310 393359 382623 360176 359624 377854 393671 379451 371211 411018 386188 368130 510964 373754 412000 387814 226112 367985 372937 373352 393519 373385 394819 355569 382504 358374 379049 214900 414172 377119 352532 362856 360113 992203 0 0 0 0 0 0 0 0 0 0 0 0 0 0 0 0 0 0 0 0 0 0 0 0 0 0 0 0 0 0 0 0 0 0 0 0 0 0 0 0 0 0 0 0 0 0 0 0 0 0 0 0 0 0 0 0 0 0 0 0 0 0 0 0 0 0 0 0 0 0 0 0 0 0 0 0 0 0 0 0 0 0 0 0 0 0 0 0 0 0 0 0 0 0 0 0 0 0 0 0 0 0 0 0 0 0 0 0 0 0 0 0 0 0 0 0 0 0 0 0 0 0 0 0 0 0 0 0 0 0 0 0 0 0 0 0 0 0 0 0 0 0 0 0 0 0 0 0 0 0 0 0 0 0 0 0 0 0 0 0 0 0 0 0 0 0 0 0 0 0 0 0 0 0]
# NumGC = 82
# EnableGC = true
# DebugGC = false
